Sat Apr 26 12:32:37 2014: loading genome
Sat Apr 26 12:33:13 2014: making kmers
Sat Apr 26 12:46:49 2014: finding dups

+2:110556814-110670457 [len=113643]
-2:111216203-111329846

+X:52276095-52326199 [len=50104]
-X:52445914-52496018

+15:22179686-22212114 [len=32428]
+15:22262113-22294541

+X:52172973-52224795 [len=51822]
+X:52445913-52497735

+15:82704979-82730692 [len=25713]
+15:83081504-83107217

+Y:26179746-26201584 [len=21838]
-Y:27760840-27782678

+Y:19885401-19926978 [len=41577]
-Y:20252797-20294374

+Y:19583383-19604939 [len=21556]
-Y:20574833-20596389

+9:42805587-42827893 [len=22306]
-9:70318729-70341035

+Y:19937285-19965636 [len=28351]
-Y:20214140-20242491

+2:97991950-98012776 [len=20826]
-2:98026115-98046941

+16:33216323-33237204 [len=20881]
+16:33272862-33293743

+10:47769264-47792476 [len=23212]
+10:48277592-48300804

+1:427220-449084 [len=21864]
+5:180853774-180875638

+X:52172974-52224795 [len=51821]
+X:52445914-52497735

+9:41193214-41217913 [len=24699]
+9:44651947-44676646

+15:22179687-22212114 [len=32427]
+15:22262114-22294541

+X:52103259-52223078 [len=119819]
-X:52276095-52395914

+Y:24813127-24833897 [len=20770]
-Y:25654576-25675346

+2:96102727-96125968 [len=23241]
-2:96282263-96305504

+10:46369391-46417961 [len=48570]
-10:51673312-51721882

+9:45188464-45250203 [len=61739]
-9:67542104-67603843

+1:103796275-103863906 [len=67631]
+1:103936007-104003638

+9:42668715-42743583 [len=74868]
-9:70403381-70478249

+9:42764964-42792290 [len=27326]
-9:70354341-70381667

peak mem = 438,738,460,000

